<?xml version="1.0" encoding="UTF-8"?>
<Site BuildName="(empty)"
	BuildStamp="20241001-1318-Experimental"
	Name="(empty)"
	Generator="ctest-3.30.1"
	CompilerName=""
	CompilerVersion=""
	OSName="Windows"
	Hostname="Asus-PC"
	OSRelease=" Personal"
	OSVersion=" (Build 19045)"
	OSPlatform="AMD64"
	Is64Bits="1"
	VendorString="GenuineIntel"
	VendorID="Intel Corporation"
	FamilyID="6"
	ModelID="5"
	ProcessorCacheSize="-1"
	NumberOfLogicalCPU="4"
	NumberOfPhysicalCPU="2"
	TotalVirtualMemory="15154"
	TotalPhysicalMemory="6027"
	LogicalProcessorsPerPhysical="2"
	ProcessorClockFrequency="2296"
	>
	<Testing>
		<StartDateTime>Oct 02 00:20 RTZ 7 ([NON-UTF-8-BYTE-0xE7][NON-UTF-8-BYTE-0xE8][NON-UTF-8-BYTE-0xEC][NON-UTF-8-BYTE-0xE0])</StartDateTime>
		<StartTestTime>1727799652</StartTestTime>
		<TestList>
			<Test>./test/sets_t</Test>
		</TestList>
		<Test Status="passed">
			<Name>sets_t</Name>
			<Path>./test</Path>
			<FullName>./test/sets_t</FullName>
			<FullCommandLine>D:\C\PracticeLibsA\build\build\test\Release\test_sets.exe</FullCommandLine>
			<Results>
				<NamedMeasurement type="numeric/double" name="Execution Time">
					<Value>0.327127</Value>
				</NamedMeasurement>
				<NamedMeasurement type="numeric/double" name="Processors">
					<Value>1</Value>
				</NamedMeasurement>
				<NamedMeasurement type="text/string" name="Completion Status">
					<Value>Completed</Value>
				</NamedMeasurement>
				<NamedMeasurement type="text/string" name="Command Line">
					<Value>D:\C\PracticeLibsA\build\build\test\Release\test_sets.exe</Value>
				</NamedMeasurement>
				<NamedMeasurement type="text/string" name="Environment">
					<Value>#CTEST_RESOURCE_GROUP_COUNT=</Value>
				</NamedMeasurement>
				<Measurement>
					<Value encoding="base64" compression="gzip">eJzFk01rwzAMhu/+FdptOzSNk8IgsHMPgw1KdwphOI7SGGI7WHb38etnN1Do6LZetummV7JkPUj13dEa2ARjlNnBLXgkT9A7q4EfHKCgPGasXhytgfVoWzHOcTR75azRaGIu+kWYPiWfFF07G6bYahslVsPm6QEO1pxEsl1ynjk7iOhAjoIIlCEvjEQYBEGLaEA6FB67KxY7xw42mK4CzsjJo1cyjcKkrwGpd0wCaNS6RVdVfTDSK2uqCsZkjHPIWc7PZUgR41E/I4MYtSW/75VRNGDHlst6ngse77+YDa5z0HTzI4TinyDwIpEofp9EcSmJ8r9IlLHGNzvB/2BdykshrS6ElGXxTLeDIpiE82B78APOF22Dn4KHl/jAobZ77CKqVELFa3+ViB3NyYNDGuzYpdc8L1bQvsUCWcM+AMO/ceg=</Value>
				</Measurement>
			</Results>
		</Test>
		<EndDateTime>Oct 02 00:20 RTZ 7 ([NON-UTF-8-BYTE-0xE7][NON-UTF-8-BYTE-0xE8][NON-UTF-8-BYTE-0xEC][NON-UTF-8-BYTE-0xE0])</EndDateTime>
		<EndTestTime>1727799652</EndTestTime>
		<ElapsedMinutes>0</ElapsedMinutes>
	</Testing>
</Site>
